<?xml version="1.0" encoding="UTF-8"?>
<testng-results skipped="0" failed="0" ignored="8" total="13" passed="5">
  <reporter-output>
  </reporter-output>
  <suite name="Suite" duration-ms="144510" started-at="2021-11-06T12:26:47 IST" finished-at="2021-11-06T12:29:12 IST">
    <groups>
      <group name="smoketest">
        <method signature="TC_01createcontact.createContact()[pri:0, instance:com.createcontactwithbaseclass.TC_01createcontact@23fe1d71]" name="createContact" class="com.createcontactwithbaseclass.TC_01createcontact"/>
        <method signature="TC_02createcontactswithbaseclass.createContact()[pri:0, instance:com.createcontactwithbaseclass.TC_02createcontactswithbaseclass@28ac3dc3]" name="createContact" class="com.createcontactwithbaseclass.TC_02createcontactswithbaseclass"/>
        <method signature="TC_03createcontactwithbaseclass.createContact()[pri:0, instance:com.createcontactwithbaseclass.TC_03createcontactwithbaseclass@43bd930a]" name="createContact" class="com.createcontactwithbaseclass.TC_03createcontactwithbaseclass"/>
        <method signature="TC_04createcontactsbaseclass.createContact()[pri:0, instance:com.createcontactwithbaseclass.TC_04createcontactsbaseclass@8e24743]" name="createContact" class="com.createcontactwithbaseclass.TC_04createcontactsbaseclass"/>
        <method signature="TC_05createcontactswithbase.createContact()[pri:0, instance:com.createcontactwithbaseclass.TC_05createcontactswithbase@32eebfca]" name="createContact" class="com.createcontactwithbaseclass.TC_05createcontactswithbase"/>
      </group> <!-- smoketest -->
    </groups>
    <test name="Test" duration-ms="144510" started-at="2021-11-06T12:26:47 IST" finished-at="2021-11-06T12:29:12 IST">
      <class name="com.createcontactwithbaseclass.TC_05createcontactswithbase">
        <test-method status="PASS" signature="launchBrowser(java.lang.String)[pri:0, instance:com.createcontactwithbaseclass.TC_05createcontactswithbase@32eebfca]" name="launchBrowser" is-config="true" duration-ms="5429" started-at="2021-11-06T12:28:36 IST" finished-at="2021-11-06T12:28:41 IST">
          <params>
            <param index="0">
              <value>
                <![CDATA[chrome]]>
              </value>
            </param>
          </params>
          <reporter-output>
          </reporter-output>
        </test-method> <!-- launchBrowser -->
        <test-method status="PASS" signature="loginToApp()[pri:0, instance:com.createcontactwithbaseclass.TC_05createcontactswithbase@32eebfca]" name="loginToApp" is-config="true" duration-ms="7589" started-at="2021-11-06T12:28:41 IST" finished-at="2021-11-06T12:28:49 IST">
          <reporter-output>
          </reporter-output>
        </test-method> <!-- loginToApp -->
        <test-method status="PASS" signature="createContact()[pri:0, instance:com.createcontactwithbaseclass.TC_05createcontactswithbase@32eebfca]" name="createContact" duration-ms="20520" started-at="2021-11-06T12:28:49 IST" finished-at="2021-11-06T12:29:09 IST">
          <reporter-output>
          </reporter-output>
        </test-method> <!-- createContact -->
        <test-method status="PASS" signature="logoutofapp()[pri:0, instance:com.createcontactwithbaseclass.TC_05createcontactswithbase@32eebfca]" name="logoutofapp" is-config="true" duration-ms="2374" started-at="2021-11-06T12:29:09 IST" finished-at="2021-11-06T12:29:12 IST">
          <reporter-output>
          </reporter-output>
        </test-method> <!-- logoutofapp -->
        <test-method status="PASS" signature="closebrowser()[pri:0, instance:com.createcontactwithbaseclass.TC_05createcontactswithbase@32eebfca]" name="closebrowser" is-config="true" duration-ms="215" started-at="2021-11-06T12:29:12 IST" finished-at="2021-11-06T12:29:12 IST">
          <reporter-output>
          </reporter-output>
        </test-method> <!-- closebrowser -->
      </class> <!-- com.createcontactwithbaseclass.TC_05createcontactswithbase -->
      <class name="com.createcontactwithbaseclass.TC_04createcontactsbaseclass">
        <test-method status="PASS" signature="launchBrowser(java.lang.String)[pri:0, instance:com.createcontactwithbaseclass.TC_04createcontactsbaseclass@8e24743]" name="launchBrowser" is-config="true" duration-ms="3401" started-at="2021-11-06T12:27:23 IST" finished-at="2021-11-06T12:27:27 IST">
          <params>
            <param index="0">
              <value>
                <![CDATA[chrome]]>
              </value>
            </param>
          </params>
          <reporter-output>
          </reporter-output>
        </test-method> <!-- launchBrowser -->
        <test-method status="PASS" signature="loginToApp()[pri:0, instance:com.createcontactwithbaseclass.TC_04createcontactsbaseclass@8e24743]" name="loginToApp" is-config="true" duration-ms="6575" started-at="2021-11-06T12:27:27 IST" finished-at="2021-11-06T12:27:33 IST">
          <reporter-output>
          </reporter-output>
        </test-method> <!-- loginToApp -->
        <test-method status="PASS" signature="createContact()[pri:0, instance:com.createcontactwithbaseclass.TC_04createcontactsbaseclass@8e24743]" name="createContact" duration-ms="10568" started-at="2021-11-06T12:27:33 IST" finished-at="2021-11-06T12:27:44 IST">
          <reporter-output>
          </reporter-output>
        </test-method> <!-- createContact -->
        <test-method status="PASS" signature="logoutofapp()[pri:0, instance:com.createcontactwithbaseclass.TC_04createcontactsbaseclass@8e24743]" name="logoutofapp" is-config="true" duration-ms="2595" started-at="2021-11-06T12:27:44 IST" finished-at="2021-11-06T12:27:46 IST">
          <reporter-output>
          </reporter-output>
        </test-method> <!-- logoutofapp -->
        <test-method status="PASS" signature="closebrowser()[pri:0, instance:com.createcontactwithbaseclass.TC_04createcontactsbaseclass@8e24743]" name="closebrowser" is-config="true" duration-ms="386" started-at="2021-11-06T12:27:46 IST" finished-at="2021-11-06T12:27:47 IST">
          <reporter-output>
          </reporter-output>
        </test-method> <!-- closebrowser -->
      </class> <!-- com.createcontactwithbaseclass.TC_04createcontactsbaseclass -->
      <class name="com.createcontactwithbaseclass.TC_02createcontactswithbaseclass">
        <test-method status="PASS" signature="launchBrowser(java.lang.String)[pri:0, instance:com.createcontactwithbaseclass.TC_02createcontactswithbaseclass@28ac3dc3]" name="launchBrowser" is-config="true" duration-ms="3818" started-at="2021-11-06T12:28:09 IST" finished-at="2021-11-06T12:28:12 IST">
          <params>
            <param index="0">
              <value>
                <![CDATA[chrome]]>
              </value>
            </param>
          </params>
          <reporter-output>
          </reporter-output>
        </test-method> <!-- launchBrowser -->
        <test-method status="PASS" signature="loginToApp()[pri:0, instance:com.createcontactwithbaseclass.TC_02createcontactswithbaseclass@28ac3dc3]" name="loginToApp" is-config="true" duration-ms="6739" started-at="2021-11-06T12:28:12 IST" finished-at="2021-11-06T12:28:19 IST">
          <reporter-output>
          </reporter-output>
        </test-method> <!-- loginToApp -->
        <test-method status="PASS" signature="createContact()[pri:0, instance:com.createcontactwithbaseclass.TC_02createcontactswithbaseclass@28ac3dc3]" name="createContact" duration-ms="14348" started-at="2021-11-06T12:28:19 IST" finished-at="2021-11-06T12:28:33 IST">
          <reporter-output>
          </reporter-output>
        </test-method> <!-- createContact -->
        <test-method status="PASS" signature="logoutofapp()[pri:0, instance:com.createcontactwithbaseclass.TC_02createcontactswithbaseclass@28ac3dc3]" name="logoutofapp" is-config="true" duration-ms="2093" started-at="2021-11-06T12:28:33 IST" finished-at="2021-11-06T12:28:36 IST">
          <reporter-output>
          </reporter-output>
        </test-method> <!-- logoutofapp -->
        <test-method status="PASS" signature="closebrowser()[pri:0, instance:com.createcontactwithbaseclass.TC_02createcontactswithbaseclass@28ac3dc3]" name="closebrowser" is-config="true" duration-ms="127" started-at="2021-11-06T12:28:36 IST" finished-at="2021-11-06T12:28:36 IST">
          <reporter-output>
          </reporter-output>
        </test-method> <!-- closebrowser -->
      </class> <!-- com.createcontactwithbaseclass.TC_02createcontactswithbaseclass -->
      <class name="com.createcontactwithbaseclass.TC_01createcontact">
        <test-method status="PASS" signature="launchBrowser(java.lang.String)[pri:0, instance:com.createcontactwithbaseclass.TC_01createcontact@23fe1d71]" name="launchBrowser" is-config="true" duration-ms="4240" started-at="2021-11-06T12:27:47 IST" finished-at="2021-11-06T12:27:51 IST">
          <params>
            <param index="0">
              <value>
                <![CDATA[chrome]]>
              </value>
            </param>
          </params>
          <reporter-output>
          </reporter-output>
        </test-method> <!-- launchBrowser -->
        <test-method status="PASS" signature="loginToApp()[pri:0, instance:com.createcontactwithbaseclass.TC_01createcontact@23fe1d71]" name="loginToApp" is-config="true" duration-ms="6579" started-at="2021-11-06T12:27:51 IST" finished-at="2021-11-06T12:27:58 IST">
          <reporter-output>
          </reporter-output>
        </test-method> <!-- loginToApp -->
        <test-method status="PASS" signature="createContact()[pri:0, instance:com.createcontactwithbaseclass.TC_01createcontact@23fe1d71]" name="createContact" duration-ms="8807" started-at="2021-11-06T12:27:58 IST" finished-at="2021-11-06T12:28:06 IST">
          <reporter-output>
          </reporter-output>
        </test-method> <!-- createContact -->
        <test-method status="PASS" signature="logoutofapp()[pri:0, instance:com.createcontactwithbaseclass.TC_01createcontact@23fe1d71]" name="logoutofapp" is-config="true" duration-ms="2029" started-at="2021-11-06T12:28:06 IST" finished-at="2021-11-06T12:28:08 IST">
          <reporter-output>
          </reporter-output>
        </test-method> <!-- logoutofapp -->
        <test-method status="PASS" signature="closebrowser()[pri:0, instance:com.createcontactwithbaseclass.TC_01createcontact@23fe1d71]" name="closebrowser" is-config="true" duration-ms="163" started-at="2021-11-06T12:28:08 IST" finished-at="2021-11-06T12:28:09 IST">
          <reporter-output>
          </reporter-output>
        </test-method> <!-- closebrowser -->
      </class> <!-- com.createcontactwithbaseclass.TC_01createcontact -->
      <class name="com.createcontactwithbaseclass.TC_03createcontactwithbaseclass">
        <test-method status="PASS" signature="connectDB()[pri:0, instance:com.createcontactwithbaseclass.TC_03createcontactwithbaseclass@43bd930a]" name="connectDB" is-config="true" duration-ms="19" started-at="2021-11-06T12:26:47 IST" finished-at="2021-11-06T12:26:47 IST">
          <reporter-output>
          </reporter-output>
        </test-method> <!-- connectDB -->
        <test-method status="PASS" signature="launchBrowser(java.lang.String)[pri:0, instance:com.createcontactwithbaseclass.TC_03createcontactwithbaseclass@43bd930a]" name="launchBrowser" is-config="true" duration-ms="6575" started-at="2021-11-06T12:26:48 IST" finished-at="2021-11-06T12:26:54 IST">
          <params>
            <param index="0">
              <value>
                <![CDATA[chrome]]>
              </value>
            </param>
          </params>
          <reporter-output>
          </reporter-output>
        </test-method> <!-- launchBrowser -->
        <test-method status="PASS" signature="loginToApp()[pri:0, instance:com.createcontactwithbaseclass.TC_03createcontactwithbaseclass@43bd930a]" name="loginToApp" is-config="true" duration-ms="6720" started-at="2021-11-06T12:26:54 IST" finished-at="2021-11-06T12:27:01 IST">
          <reporter-output>
          </reporter-output>
        </test-method> <!-- loginToApp -->
        <test-method status="PASS" signature="createContact()[pri:0, instance:com.createcontactwithbaseclass.TC_03createcontactwithbaseclass@43bd930a]" name="createContact" duration-ms="19551" started-at="2021-11-06T12:27:01 IST" finished-at="2021-11-06T12:27:21 IST">
          <reporter-output>
          </reporter-output>
        </test-method> <!-- createContact -->
        <test-method status="PASS" signature="logoutofapp()[pri:0, instance:com.createcontactwithbaseclass.TC_03createcontactwithbaseclass@43bd930a]" name="logoutofapp" is-config="true" duration-ms="2387" started-at="2021-11-06T12:27:21 IST" finished-at="2021-11-06T12:27:23 IST">
          <reporter-output>
          </reporter-output>
        </test-method> <!-- logoutofapp -->
        <test-method status="PASS" signature="closebrowser()[pri:0, instance:com.createcontactwithbaseclass.TC_03createcontactwithbaseclass@43bd930a]" name="closebrowser" is-config="true" duration-ms="126" started-at="2021-11-06T12:27:23 IST" finished-at="2021-11-06T12:27:23 IST">
          <reporter-output>
          </reporter-output>
        </test-method> <!-- closebrowser -->
        <test-method status="PASS" signature="closeDB()[pri:0, instance:com.createcontactwithbaseclass.TC_03createcontactwithbaseclass@43bd930a]" name="closeDB" is-config="true" duration-ms="4" started-at="2021-11-06T12:29:13 IST" finished-at="2021-11-06T12:29:13 IST">
          <reporter-output>
          </reporter-output>
        </test-method> <!-- closeDB -->
      </class> <!-- com.createcontactwithbaseclass.TC_03createcontactwithbaseclass -->
    </test> <!-- Test -->
  </suite> <!-- Suite -->
</testng-results>
